<?xml version="1.0" encoding="UTF-8"?>
<testsuite name="RationalTest" tests="8" skipped="0" failures="0" errors="0" timestamp="2023-09-12T14:17:54" hostname="Promubsorns-mac" time="0.034">
  <properties/>
  <testcase name="testAdd" classname="RationalTest" time="0.007"/>
  <testcase name="testSubtract" classname="RationalTest" time="0.001"/>
  <testcase name="testEqual" classname="RationalTest" time="0.001"/>
  <testcase name="testToString" classname="RationalTest" time="0.021"/>
  <testcase name="testCompareTo" classname="RationalTest" time="0.0"/>
  <testcase name="testDivide" classname="RationalTest" time="0.0"/>
  <testcase name="testMultiply" classname="RationalTest" time="0.001"/>
  <testcase name="testConstructor" classname="RationalTest" time="0.001"/>
  <system-out><![CDATA[Constructor Called
Constructor Called
Constructor Called
Constructor Called
Constructor Called
Constructor Called
]]></system-out>
  <system-err><![CDATA[]]></system-err>
</testsuite>
